{
  message: 'DB Connected on Successfully',
  level: 'info',
  label: 'AP',
  timestamp: '2023-10-13T14:00:29.606Z'
}
{
  message: 'Example app listening on port 5000',
  level: 'info',
  label: 'AP',
  timestamp: '2023-10-13T14:00:29.617Z'
}
{
  message: 'DB Connected on Successfully',
  level: 'info',
  label: 'AP',
  timestamp: '2023-10-13T14:07:24.150Z'
}
{
  message: 'Example app listening on port 5000',
  level: 'info',
  label: 'AP',
  timestamp: '2023-10-13T14:07:24.165Z'
}
{
  message: 'DB Connected on Successfully',
  level: 'info',
  label: 'AP',
  timestamp: '2023-10-13T14:07:57.664Z'
}
{
  message: 'Example app listening on port 5000',
  level: 'info',
  label: 'AP',
  timestamp: '2023-10-13T14:07:57.675Z'
}
{
  message: 'DB Connected on Successfully',
  level: 'info',
  label: 'AP',
  timestamp: '2023-10-13T14:08:18.276Z'
}
{
  message: 'Example app listening on port 5000',
  level: 'info',
  label: 'AP',
  timestamp: '2023-10-13T14:08:18.287Z'
}
{
  message: 'DB Connected on Successfully',
  level: 'info',
  label: 'AP',
  timestamp: '2023-10-13T14:11:11.034Z'
}
{
  message: 'Example app listening on port 5000',
  level: 'info',
  label: 'AP',
  timestamp: '2023-10-13T14:11:11.047Z'
}
{
  message: 'DB Connected on Successfully',
  level: 'info',
  label: 'AP',
  timestamp: '2023-10-13T14:14:30.105Z'
}
{
  message: 'Example app listening on port 5000',
  level: 'info',
  label: 'AP',
  timestamp: '2023-10-13T14:14:30.115Z'
}
{
  message: 'DB Connected on Successfully',
  level: 'info',
  label: 'AP',
  timestamp: '2023-10-13T14:16:38.426Z'
}
{
  message: 'Example app listening on port 5000',
  level: 'info',
  label: 'AP',
  timestamp: '2023-10-13T14:16:38.440Z'
}
{
  message: 'DB Connected on Successfully',
  level: 'info',
  label: 'AP',
  timestamp: '2023-10-13T14:18:55.265Z'
}
{
  message: 'Example app listening on port 5000',
  level: 'info',
  label: 'AP',
  timestamp: '2023-10-13T14:18:55.277Z'
}
{
  message: 'DB Connected on Successfully',
  level: 'info',
  label: 'AP',
  timestamp: '2023-10-13T14:19:09.052Z'
}
{
  message: 'Example app listening on port 5000',
  level: 'info',
  label: 'AP',
  timestamp: '2023-10-13T14:19:09.064Z'
}
{
  message: 'DB Connected on Successfully',
  level: 'info',
  label: 'AP',
  timestamp: '2023-10-13T14:19:20.277Z'
}
{
  message: 'Example app listening on port 5000',
  level: 'info',
  label: 'AP',
  timestamp: '2023-10-13T14:19:20.291Z'
}
{
  message: 'DB Connected on Successfully',
  level: 'info',
  label: 'AP',
  timestamp: '2023-10-13T14:20:27.740Z'
}
{
  message: 'Example app listening on port 5000',
  level: 'info',
  label: 'AP',
  timestamp: '2023-10-13T14:20:27.754Z'
}
{
  message: 'DB Connected on Successfully',
  level: 'info',
  label: 'AP',
  timestamp: '2023-10-13T14:24:25.215Z'
}
{
  message: 'Example app listening on port 5000',
  level: 'info',
  label: 'AP',
  timestamp: '2023-10-13T14:24:25.229Z'
}
{
  message: 'DB Connected on Successfully',
  level: 'info',
  label: 'AP',
  timestamp: '2023-10-13T14:25:12.404Z'
}
{
  message: 'Example app listening on port 5000',
  level: 'info',
  label: 'AP',
  timestamp: '2023-10-13T14:25:12.419Z'
}
{
  message: 'DB Connected on Successfully',
  level: 'info',
  label: 'AP',
  timestamp: '2023-10-13T14:26:08.333Z'
}
{
  message: 'Example app listening on port 5000',
  level: 'info',
  label: 'AP',
  timestamp: '2023-10-13T14:26:08.345Z'
}
